<?xml version="1.0" encoding="utf-8"?><testsuites name="pytest tests"><testsuite name="pytest" errors="0" failures="0" skipped="0" tests="35" time="16.338" timestamp="2026-08-28T19:11:52.650523+00:00" hostname="agent-env-5df74c4a-f7fc-4842-9411-ae33bb612b3d"><testcase classname="tests.test_products_promotions" name="test_products_requires_auth_for_write" time="0.768" /><testcase classname="tests.test_auth" name="test_login_success" time="0.402" /><testcase classname="tests.test_auth" name="test_login_wrong_password" time="0.365" /><testcase classname="tests.test_auth" name="test_login_unknown_email" time="0.376" /><testcase classname="tests.test_auth" name="test_login_invalid_email_format" time="0.131" /><testcase classname="tests.test_auth" name="test_login_email_case_insensitive" time="0.404" /><testcase classname="tests.test_products_promotions" name="test_create_product_and_persistence" time="0.883" /><testcase classname="tests.test_products_promotions" name="test_get_nonexistent_product" time="0.117" /><testcase classname="tests.test_products_promotions" name="test_list_products_default_active_only" time="0.663" /><testcase classname="tests.test_auth" name="test_me_with_token" time="0.505" /><testcase classname="tests.test_auth" name="test_me_without_token" time="0.138" /><testcase classname="tests.test_auth" name="test_me_with_garbage_token" time="0.136" /><testcase classname="tests.test_products_promotions" name="test_list_products_category_filter" time="0.503" /><testcase classname="tests.test_auth" name="test_bcrypt_hash_format" time="0.113" /><testcase classname="tests.test_auth" name="test_brute_force_lockout_probe" time="2.620" /><testcase classname="tests.test_products_promotions" name="test_update_product_persists" time="0.435" /><testcase classname="tests.test_products_promotions" name="test_update_nonexistent_product" time="0.069" /><testcase classname="tests.test_products_promotions" name="test_product_validation" time="0.345" /><testcase classname="tests.test_products_promotions" name="test_promotions_require_auth" time="0.618" /><testcase classname="tests.test_products_promotions" name="test_promotion_crud_and_embedded_product" time="0.990" /><testcase classname="tests.test_config_upload" name="test_get_config_public" time="0.179" /><testcase classname="tests.test_config_upload" name="test_update_config_requires_auth" time="0.164" /><testcase classname="tests.test_products_promotions" name="test_promotion_date_window_filter" time="0.731" /><testcase classname="tests.test_config_upload" name="test_update_config_persists" time="0.657" /><testcase classname="tests.test_products_promotions" name="test_delete_product_cascades_promotions" time="0.681" /><testcase classname="tests.test_config_upload" name="test_upload_requires_auth" time="0.246" /><testcase classname="tests.test_config_upload" name="test_upload_and_fetch_image" time="7.753" /><testcase classname="tests.test_categories" name="test_list_seeded_categories" time="7.383" /><testcase classname="tests.test_categories" name="test_create_category_requires_auth" time="0.084" /><testcase classname="tests.test_config_upload" name="test_upload_rejects_bad_extension" time="0.172" /><testcase classname="tests.test_categories" name="test_category_crud" time="1.323" /><testcase classname="tests.test_config_upload" name="test_files_missing_path_returns_404" time="0.781" /><testcase classname="tests.test_categories" name="test_update_nonexistent_category" time="0.070" /><testcase classname="tests.test_categories" name="test_delete_nonexistent_category_returns_ok" time="0.072" /><testcase classname="tests.test_categories" name="test_category_missing_required_fields" time="0.069" /></testsuite></testsuites>